<?xml version="1.0" encoding="UTF-8"?>
<!-- Generated by org.testng.reporters.JUnitReportReporter -->
<testsuite hostname="DESKTOP-VUHVFPU" failures="0" tests="1" name="test_scripts.Testfbt" time="47.668" errors="0" timestamp="2022-07-06T16:06:40 IST" skipped="0">
  <testcase classname="test_scripts.Testfbt" name="login" time="47.668"/>
  <system-out/>
</testsuite> <!-- test_scripts.Testfbt -->
